[19:01:48.048][INFO][CraftTweaker-EarlyInit]: CraftTweaker is running on a Minecraft 1.20.1 production server modded with platform Forge
[19:01:48.074][INFO][CraftTweaker-EarlyInit]: Successfully injected RecipeFS file system
[19:01:48.166][INFO][CraftTweaker-Plugins]: Successfully identified and loaded plugin crafttweaker:builtin
[19:01:48.168][INFO][CraftTweaker-Plugins]: Successfully identified and loaded plugin crafttweaker:builtin_forge
[19:01:48.172][INFO][CraftTweaker-Plugins]: Successfully identified and loaded plugin mekanism:crt_plugin
[19:01:49.497][INFO][CraftTweaker]: The following mods have explicit CraftTweaker support through the default plugin:
[19:01:49.497][INFO][CraftTweaker]: - 'crafttweaker' at version '14.0.57'
[19:01:49.497][INFO][CraftTweaker]: - 'immersiveengineering' at version '1.20.1-10.2.0-183'
[19:01:49.497][INFO][CraftTweaker]: - 'mekanism' at version '10.4.15'
[19:01:49.497][INFO][CraftTweaker]: - 'mysticalagriculture' at version '7.0.19'
[19:01:52.887][INFO][CraftTweaker-ZenCode]: Started loading scripts for loader 'mekanismcontent'
[19:01:53.057][INFO][CraftTweaker-ZenCode]: Compiling and executing scripts
[19:01:53.501][INFO][CraftTweaker-ZenCode]: Successfully initialized modules [mods, crafttweaker, expansions]
[19:01:53.565][INFO][CraftTweaker-ZenCode]: Execution for loader 'mekanismcontent' completed successfully
[19:01:53.565][INFO][Mekanism]: Registering 0 custom gases.
[19:01:53.567][INFO][Mekanism]: Registering 0 custom infuse types.
[19:01:53.572][INFO][Mekanism]: Registering 0 custom pigments.
[19:01:53.574][INFO][Mekanism]: Registering 0 custom slurries.
[19:01:54.056][INFO][CraftTweaker-ZenCode]: Started loading scripts for loader 'initialize'
[19:01:54.074][INFO][CraftTweaker-ZenCode]: Compiling and executing scripts
[19:01:54.075][INFO][CraftTweaker-ZenCode]: Successfully initialized modules [crafttweaker, expansions]
[19:01:54.085][INFO][CraftTweaker-ZenCode]: Execution for loader 'initialize' completed successfully
[19:01:57.538][INFO][CraftTweaker-ZenCode]: Started loading scripts for loader 'tags'
[19:01:57.553][INFO][CraftTweaker-ZenCode]: Compiling and executing scripts
[19:01:57.556][INFO][CraftTweaker-ZenCode]: Successfully initialized modules [crafttweaker, expansions]
[19:01:57.563][INFO][CraftTweaker-ZenCode]: Execution for loader 'tags' completed successfully
[19:01:58.091][INFO][CraftTweaker]: crafttweaker.reload.start
[19:01:58.097][INFO][CraftTweaker-ZenCode]: Started loading scripts for loader 'crafttweaker'
[19:01:58.111][INFO][CraftTweaker-ZenCode]: Compiling and executing scripts
[19:01:58.185][INFO][CraftTweaker-ZenCode]: Successfully initialized modules [mods, crafttweaker, expansions]
[19:01:58.192][INFO][CraftTweaker-ZenCode]: Execution for loader 'crafttweaker' completed successfully
[19:01:58.194][INFO][CraftTweaker]: crafttweaker.reload.complete
