[11mai.2025 00:38:19.088] [Server thread/INFO] [net.minecraft.server.network.ServerGamePacketListenerImpl/]: singaro123 lost connection: Disconnected
[11mai.2025 00:38:19.096] [Server thread/INFO] [net.minecraft.server.MinecraftServer/]: singaro123 left the game
[11mai.2025 02:16:53.301] [Server thread/INFO] [net.minecraft.server.MinecraftServer/]: IgorCrrea fell from a high place
[11mai.2025 03:15:57.100] [Server thread/WARN] [net.minecraft.server.level.ServerPlayerGameMode/]: Mismatch in destroy block pos: BlockPos{x=66, y=4, z=197} BlockPos{x=66, y=4, z=196}
[11mai.2025 03:15:57.149] [Server thread/WARN] [net.minecraft.server.level.ServerPlayerGameMode/]: Mismatch in destroy block pos: BlockPos{x=66, y=4, z=197} BlockPos{x=66, y=4, z=196}
[11mai.2025 03:15:57.198] [Server thread/WARN] [net.minecraft.server.level.ServerPlayerGameMode/]: Mismatch in destroy block pos: BlockPos{x=66, y=4, z=197} BlockPos{x=66, y=4, z=196}
[11mai.2025 03:15:57.248] [Server thread/WARN] [net.minecraft.server.level.ServerPlayerGameMode/]: Mismatch in destroy block pos: BlockPos{x=66, y=4, z=197} BlockPos{x=66, y=4, z=196}
[11mai.2025 03:16:03.648] [Server thread/WARN] [net.minecraft.server.level.ServerPlayerGameMode/]: Mismatch in destroy block pos: BlockPos{x=65, y=-2, z=192} BlockPos{x=65, y=-3, z=192}
[11mai.2025 03:16:03.698] [Server thread/WARN] [net.minecraft.server.level.ServerPlayerGameMode/]: Mismatch in destroy block pos: BlockPos{x=65, y=-2, z=192} BlockPos{x=65, y=-3, z=192}
[11mai.2025 03:16:03.747] [Server thread/WARN] [net.minecraft.server.level.ServerPlayerGameMode/]: Mismatch in destroy block pos: BlockPos{x=65, y=-2, z=192} BlockPos{x=65, y=-3, z=192}
[11mai.2025 03:16:04.197] [Server thread/WARN] [net.minecraft.server.level.ServerPlayerGameMode/]: Mismatch in destroy block pos: BlockPos{x=65, y=-4, z=191} BlockPos{x=66, y=-3, z=192}
[11mai.2025 03:16:04.250] [Server thread/WARN] [net.minecraft.server.level.ServerPlayerGameMode/]: Mismatch in destroy block pos: BlockPos{x=65, y=-4, z=191} BlockPos{x=66, y=-3, z=192}
[11mai.2025 03:16:04.300] [Server thread/WARN] [net.minecraft.server.level.ServerPlayerGameMode/]: Mismatch in destroy block pos: BlockPos{x=65, y=-4, z=191} BlockPos{x=66, y=-3, z=192}
[11mai.2025 03:16:04.348] [Server thread/WARN] [net.minecraft.server.level.ServerPlayerGameMode/]: Mismatch in destroy block pos: BlockPos{x=65, y=-4, z=191} BlockPos{x=66, y=-3, z=192}
[11mai.2025 03:16:04.398] [Server thread/WARN] [net.minecraft.server.level.ServerPlayerGameMode/]: Mismatch in destroy block pos: BlockPos{x=65, y=-4, z=191} BlockPos{x=66, y=-3, z=192}
[11mai.2025 03:16:04.448] [Server thread/WARN] [net.minecraft.server.level.ServerPlayerGameMode/]: Mismatch in destroy block pos: BlockPos{x=65, y=-4, z=191} BlockPos{x=66, y=-3, z=192}
[11mai.2025 03:16:04.500] [Server thread/WARN] [net.minecraft.server.level.ServerPlayerGameMode/]: Mismatch in destroy block pos: BlockPos{x=65, y=-4, z=191} BlockPos{x=66, y=-3, z=192}
[11mai.2025 03:16:04.548] [Server thread/WARN] [net.minecraft.server.level.ServerPlayerGameMode/]: Mismatch in destroy block pos: BlockPos{x=65, y=-4, z=191} BlockPos{x=66, y=-3, z=192}
[11mai.2025 03:16:04.597] [Server thread/WARN] [net.minecraft.server.level.ServerPlayerGameMode/]: Mismatch in destroy block pos: BlockPos{x=65, y=-4, z=191} BlockPos{x=66, y=-3, z=192}
[11mai.2025 03:16:04.648] [Server thread/WARN] [net.minecraft.server.level.ServerPlayerGameMode/]: Mismatch in destroy block pos: BlockPos{x=65, y=-4, z=191} BlockPos{x=66, y=-3, z=192}
[11mai.2025 03:16:04.699] [Server thread/WARN] [net.minecraft.server.level.ServerPlayerGameMode/]: Mismatch in destroy block pos: BlockPos{x=65, y=-4, z=191} BlockPos{x=66, y=-3, z=192}
[11mai.2025 03:16:05.648] [Server thread/WARN] [net.minecraft.server.level.ServerPlayerGameMode/]: Mismatch in destroy block pos: BlockPos{x=65, y=-4, z=191} BlockPos{x=64, y=-5, z=192}
[11mai.2025 03:16:05.698] [Server thread/WARN] [net.minecraft.server.level.ServerPlayerGameMode/]: Mismatch in destroy block pos: BlockPos{x=65, y=-4, z=191} BlockPos{x=64, y=-5, z=192}
[11mai.2025 03:16:05.748] [Server thread/WARN] [net.minecraft.server.level.ServerPlayerGameMode/]: Mismatch in destroy block pos: BlockPos{x=65, y=-4, z=191} BlockPos{x=64, y=-5, z=192}
[11mai.2025 03:16:05.798] [Server thread/WARN] [net.minecraft.server.level.ServerPlayerGameMode/]: Mismatch in destroy block pos: BlockPos{x=65, y=-4, z=191} BlockPos{x=64, y=-5, z=192}
[11mai.2025 03:16:05.849] [Server thread/WARN] [net.minecraft.server.level.ServerPlayerGameMode/]: Mismatch in destroy block pos: BlockPos{x=65, y=-4, z=191} BlockPos{x=64, y=-5, z=192}
[11mai.2025 03:16:05.899] [Server thread/WARN] [net.minecraft.server.level.ServerPlayerGameMode/]: Mismatch in destroy block pos: BlockPos{x=65, y=-4, z=191} BlockPos{x=64, y=-5, z=192}
[11mai.2025 03:16:05.949] [Server thread/WARN] [net.minecraft.server.level.ServerPlayerGameMode/]: Mismatch in destroy block pos: BlockPos{x=65, y=-4, z=191} BlockPos{x=64, y=-5, z=192}
[11mai.2025 03:16:05.997] [Server thread/WARN] [net.minecraft.server.level.ServerPlayerGameMode/]: Mismatch in destroy block pos: BlockPos{x=65, y=-4, z=191} BlockPos{x=64, y=-5, z=192}
[11mai.2025 03:16:06.050] [Server thread/WARN] [net.minecraft.server.level.ServerPlayerGameMode/]: Mismatch in destroy block pos: BlockPos{x=65, y=-4, z=191} BlockPos{x=64, y=-5, z=192}
[11mai.2025 03:16:06.098] [Server thread/WARN] [net.minecraft.server.level.ServerPlayerGameMode/]: Mismatch in destroy block pos: BlockPos{x=65, y=-4, z=191} BlockPos{x=64, y=-5, z=192}
[11mai.2025 03:16:06.150] [Server thread/WARN] [net.minecraft.server.level.ServerPlayerGameMode/]: Mismatch in destroy block pos: BlockPos{x=65, y=-4, z=191} BlockPos{x=64, y=-5, z=192}
[11mai.2025 03:16:06.199] [Server thread/WARN] [net.minecraft.server.level.ServerPlayerGameMode/]: Mismatch in destroy block pos: BlockPos{x=65, y=-4, z=191} BlockPos{x=64, y=-5, z=192}
[11mai.2025 03:16:06.249] [Server thread/WARN] [net.minecraft.server.level.ServerPlayerGameMode/]: Mismatch in destroy block pos: BlockPos{x=65, y=-4, z=191} BlockPos{x=64, y=-5, z=192}
[11mai.2025 03:18:26.801] [Server thread/INFO] [net.minecraft.server.MinecraftServer/]: IgorCrrea fell from a high place
[11mai.2025 03:32:24.301] [Server thread/INFO] [net.minecraft.server.MinecraftServer/]: IgorCrrea has made the advancement [Network Aesthetics]
[11mai.2025 04:31:07.184] [Server thread/INFO] [net.minecraft.server.network.ServerGamePacketListenerImpl/]: IgorCrrea lost connection: Disconnected
[11mai.2025 04:31:07.185] [Server thread/INFO] [net.minecraft.server.MinecraftServer/]: IgorCrrea left the game
[11mai.2025 04:31:12.376] [Server thread/INFO] [net.minecraft.server.MinecraftServer/]: Stopping server
[11mai.2025 04:31:12.377] [Server thread/INFO] [net.minecraft.server.MinecraftServer/]: Saving players
[11mai.2025 04:31:12.377] [Server thread/INFO] [net.minecraft.server.MinecraftServer/]: Saving worlds
[11mai.2025 04:31:12.492] [Server thread/INFO] [net.minecraft.server.MinecraftServer/]: Saving chunks for level 'ServerLevel[Pintolandia]'/minecraft:overworld
[11mai.2025 04:31:12.620] [Server thread/INFO] [net.minecraft.server.MinecraftServer/]: Saving chunks for level 'ServerLevel[Pintolandia]'/minecraft:the_end
[11mai.2025 04:31:12.623] [Server thread/INFO] [net.minecraft.server.MinecraftServer/]: Saving chunks for level 'ServerLevel[Pintolandia]'/minecraft:the_nether
[11mai.2025 04:31:12.648] [Server thread/INFO] [net.minecraft.server.MinecraftServer/]: Saving chunks for level 'ServerLevel[Pintolandia]'/ae2:spatial_storage
[11mai.2025 04:31:12.684] [Server thread/INFO] [net.minecraft.server.MinecraftServer/]: ThreadedAnvilChunkStorage (Pintolandia): All chunks are saved
[11mai.2025 04:31:12.696] [Server thread/INFO] [net.minecraft.server.MinecraftServer/]: ThreadedAnvilChunkStorage (DIM1): All chunks are saved
[11mai.2025 04:31:12.704] [Server thread/INFO] [net.minecraft.server.MinecraftServer/]: ThreadedAnvilChunkStorage (DIM-1): All chunks are saved
[11mai.2025 04:31:12.705] [Server thread/INFO] [net.minecraft.server.MinecraftServer/]: ThreadedAnvilChunkStorage (spatial_storage): All chunks are saved
[11mai.2025 04:31:12.706] [Server thread/INFO] [net.minecraft.server.MinecraftServer/]: ThreadedAnvilChunkStorage: All dimensions are saved
